<?xml version="1.0" encoding="UTF-8"?>
<!-- Generated by org.testng.reporters.JUnitReportReporter -->
<testsuite hostname="Abulaitis-MacBook-Pro.local" failures="0" tests="1" name="com.end2endTests.AddNewUserTest" time="93.058" errors="0" timestamp="2025-04-25T23:37:27 PDT" skipped="0">
  <testcase classname="com.end2endTests.AddNewUserTest" name="testAddNewUser" time="93.058"/>
</testsuite> <!-- com.end2endTests.AddNewUserTest -->
