<?xml version="1.0" encoding="UTF-8"?>
<!-- Generated by org.testng.reporters.JUnitReportReporter -->
<testsuite hostname="Abulaitis-MacBook-Pro.local" failures="0" tests="2" name="com.end2endTests.LoginTest" time="69.406" errors="0" timestamp="2025-04-25T23:37:27 PDT" skipped="0">
  <testcase classname="com.end2endTests.LoginTest" name="testSuccessfulLogin" time="39.055"/>
  <testcase classname="com.end2endTests.LoginTest" name="testInvalidLogin" time="30.351"/>
</testsuite> <!-- com.end2endTests.LoginTest -->
