<?xml version="1.0" encoding="UTF-8"?>
<!-- Generated by org.testng.reporters.JUnitReportReporter -->
<testsuite hostname="Abulaitis-MacBook-Pro.local" failures="0" tests="1" name="com.end2endTests.SearchUserTest" time="89.826" errors="0" timestamp="2025-04-25T23:37:27 PDT" skipped="0">
  <testcase classname="com.end2endTests.SearchUserTest" name="testSearchUser" time="89.826"/>
</testsuite> <!-- com.end2endTests.SearchUserTest -->
